<?xml version="1.0" encoding="UTF-8"?><testsuite errors="0" failures="0" name="com.restful.booker.bookinginfo.BookingCRUDTest" skipped="0" tests="6" time="8.12" timestamp="2023-06-05T14:32:55.581+01:00[Europe/London]"><testcase classname="com.restful.booker.bookinginfo.BookingCRUDTest" name="Creating a new booking using Post method"/><testcase classname="com.restful.booker.bookinginfo.BookingCRUDTest" name="Verify if the booking was added to the application"/><testcase classname="com.restful.booker.bookinginfo.BookingCRUDTest" name="Update the booking information"/><testcase classname="com.restful.booker.bookinginfo.BookingCRUDTest" name="Partially Update the booking information"/><testcase classname="com.restful.booker.bookinginfo.BookingCRUDTest" name="Delete the booking and verify if the booking is deleted"/><testcase classname="com.restful.booker.bookinginfo.BookingCRUDTest" name="Getting all booking info"/></testsuite>